<?xml version="1.0" encoding="UTF-8"?>
<!-- Generated by org.testng.reporters.JUnitReportReporter -->
<testsuite hostname="Oleksandrs-MacBook-Pro-2.local" failures="0" tests="1" name="com.smartsheet.AddDeleteColumnTest" time="9.480" errors="0" timestamp="29 Aug 2019 07:22:19 GMT" skipped="0">
  <testcase classname="com.smartsheet.AddDeleteColumnTest" name="testDeleteColumn" time="9.480"/>
</testsuite> <!-- com.smartsheet.AddDeleteColumnTest -->
